2022-03-13 13:01:43,635 DEBUG PrintSrv.py line+29 start [MainThread]: WorkerThread Started...
2022-03-13 13:01:43,636 INFO  PrintSrv.py line+64 <module> [MainThread]: 
    DataServerAddr: 127.0.0.1
    DataServerPort: 8000
    ProductPollingTime: 30
        
2022-03-13 13:01:43,638 DEBUG PrintSrv.py line+34 stop [MainThread]: WorkerThread Stopped..
2022-03-13 13:01:43,638 DEBUG PrintSrv.py line+66 <module> [MainThread]: Bye
2022-03-13 13:03:45,367 DEBUG PrintSrv.py line+29 start [MainThread]: WorkerThread Started...
2022-03-13 13:03:45,368 INFO  PrintSrv.py line+64 <module> [MainThread]: 
    DataServerAddr: 127.0.0.1
    DataServerPort: 8000
    ProductPollingTime: 30
        
2022-03-13 13:05:16,264 DEBUG PrintSrv.py line+29 start [MainThread]: WorkerThread Started...
2022-03-13 13:05:16,265 INFO  PrintSrv.py line+64 <module> [MainThread]: 
    DataServerAddr: 127.0.0.1
    DataServerPort: 8000
    ProductPollingTime: 30
        
2022-03-13 13:05:16,286 DEBUG PrintSrv.py line+22 worker [Thread-7]: timePolling: 30
2022-03-13 13:06:12,499 DEBUG PrintSrv.py line+29 start [MainThread]: WorkerThread Started...
2022-03-13 13:06:12,500 INFO  PrintSrv.py line+65 <module> [MainThread]: 
    DataServerAddr: 127.0.0.1
    DataServerPort: 8000
    ProductPollingTime: 30
        
2022-03-13 13:06:12,552 DEBUG PrintSrv.py line+22 worker [Thread-7]: timePolling: 30
2022-03-13 13:06:42,590 DEBUG PrintSrv.py line+22 worker [Thread-7]: timePolling: 30
2022-03-13 13:07:12,614 DEBUG PrintSrv.py line+22 worker [Thread-7]: timePolling: 30
2022-03-13 13:07:42,641 DEBUG PrintSrv.py line+22 worker [Thread-7]: timePolling: 30
2022-03-13 13:08:12,662 DEBUG PrintSrv.py line+22 worker [Thread-7]: timePolling: 30
2022-03-13 13:08:42,702 DEBUG PrintSrv.py line+22 worker [Thread-7]: timePolling: 30
2022-03-13 13:09:12,742 DEBUG PrintSrv.py line+22 worker [Thread-7]: timePolling: 30
2022-03-13 13:09:42,768 DEBUG PrintSrv.py line+22 worker [Thread-7]: timePolling: 30
2022-03-13 13:10:12,796 DEBUG PrintSrv.py line+22 worker [Thread-7]: timePolling: 30
2022-03-13 13:10:42,832 DEBUG PrintSrv.py line+22 worker [Thread-7]: timePolling: 30
2022-03-13 13:11:12,856 DEBUG PrintSrv.py line+22 worker [Thread-7]: timePolling: 30
2022-03-13 13:11:42,876 DEBUG PrintSrv.py line+22 worker [Thread-7]: timePolling: 30
2022-03-13 13:12:12,903 DEBUG PrintSrv.py line+22 worker [Thread-7]: timePolling: 30
2022-03-13 13:12:42,944 DEBUG PrintSrv.py line+22 worker [Thread-7]: timePolling: 30
2022-03-13 13:13:12,960 DEBUG PrintSrv.py line+22 worker [Thread-7]: timePolling: 30
2022-03-13 13:13:42,998 DEBUG PrintSrv.py line+22 worker [Thread-7]: timePolling: 30
2022-03-13 13:14:13,038 DEBUG PrintSrv.py line+22 worker [Thread-7]: timePolling: 30
2022-03-13 13:14:43,078 DEBUG PrintSrv.py line+22 worker [Thread-7]: timePolling: 30
2022-03-13 13:15:13,118 DEBUG PrintSrv.py line+22 worker [Thread-7]: timePolling: 30
2022-03-13 13:15:43,140 DEBUG PrintSrv.py line+22 worker [Thread-7]: timePolling: 30
2022-03-13 13:16:13,153 DEBUG PrintSrv.py line+22 worker [Thread-7]: timePolling: 30
2022-03-13 13:16:43,193 DEBUG PrintSrv.py line+22 worker [Thread-7]: timePolling: 30
2022-03-13 13:17:13,217 DEBUG PrintSrv.py line+22 worker [Thread-7]: timePolling: 30
2022-03-13 13:17:43,254 DEBUG PrintSrv.py line+22 worker [Thread-7]: timePolling: 30
2022-03-13 13:18:13,294 DEBUG PrintSrv.py line+22 worker [Thread-7]: timePolling: 30
2022-03-13 13:18:43,338 DEBUG PrintSrv.py line+22 worker [Thread-7]: timePolling: 30
2022-03-13 13:19:13,370 DEBUG PrintSrv.py line+22 worker [Thread-7]: timePolling: 30
2022-03-13 13:19:43,410 DEBUG PrintSrv.py line+22 worker [Thread-7]: timePolling: 30
2022-03-13 13:20:13,450 DEBUG PrintSrv.py line+22 worker [Thread-7]: timePolling: 30
2022-03-13 13:20:43,490 DEBUG PrintSrv.py line+22 worker [Thread-7]: timePolling: 30
2022-03-13 13:21:13,530 DEBUG PrintSrv.py line+22 worker [Thread-7]: timePolling: 30
2022-03-13 13:21:43,568 DEBUG PrintSrv.py line+22 worker [Thread-7]: timePolling: 30
2022-03-13 13:22:13,610 DEBUG PrintSrv.py line+22 worker [Thread-7]: timePolling: 30
2022-03-13 13:22:43,650 DEBUG PrintSrv.py line+22 worker [Thread-7]: timePolling: 30
2022-03-13 13:23:13,690 DEBUG PrintSrv.py line+22 worker [Thread-7]: timePolling: 30
2022-03-13 13:23:43,722 DEBUG PrintSrv.py line+22 worker [Thread-7]: timePolling: 30
2022-03-13 13:24:13,762 DEBUG PrintSrv.py line+22 worker [Thread-7]: timePolling: 30
2022-03-13 13:24:43,802 DEBUG PrintSrv.py line+22 worker [Thread-7]: timePolling: 30
2022-03-13 13:25:13,820 DEBUG PrintSrv.py line+22 worker [Thread-7]: timePolling: 30
2022-03-13 13:25:43,858 DEBUG PrintSrv.py line+22 worker [Thread-7]: timePolling: 30
2022-03-13 13:26:13,898 DEBUG PrintSrv.py line+22 worker [Thread-7]: timePolling: 30
2022-03-13 13:26:43,930 DEBUG PrintSrv.py line+22 worker [Thread-7]: timePolling: 30
2022-03-13 13:27:13,962 DEBUG PrintSrv.py line+22 worker [Thread-7]: timePolling: 30
2022-03-13 13:27:44,002 DEBUG PrintSrv.py line+22 worker [Thread-7]: timePolling: 30
2022-03-13 13:28:14,046 DEBUG PrintSrv.py line+22 worker [Thread-7]: timePolling: 30
2022-03-13 13:28:44,086 DEBUG PrintSrv.py line+22 worker [Thread-7]: timePolling: 30
2022-03-13 13:29:14,126 DEBUG PrintSrv.py line+22 worker [Thread-7]: timePolling: 30
2022-03-13 13:29:44,166 DEBUG PrintSrv.py line+22 worker [Thread-7]: timePolling: 30
2022-03-13 13:30:14,198 DEBUG PrintSrv.py line+22 worker [Thread-7]: timePolling: 30
2022-03-13 13:30:44,238 DEBUG PrintSrv.py line+22 worker [Thread-7]: timePolling: 30
2022-03-13 13:31:14,278 DEBUG PrintSrv.py line+22 worker [Thread-7]: timePolling: 30
2022-03-13 13:31:44,318 DEBUG PrintSrv.py line+22 worker [Thread-7]: timePolling: 30
2022-03-13 13:32:14,354 DEBUG PrintSrv.py line+22 worker [Thread-7]: timePolling: 30
2022-03-13 13:32:44,394 DEBUG PrintSrv.py line+22 worker [Thread-7]: timePolling: 30
2022-03-13 13:33:14,429 DEBUG PrintSrv.py line+22 worker [Thread-7]: timePolling: 30
2022-03-13 13:33:44,466 DEBUG PrintSrv.py line+22 worker [Thread-7]: timePolling: 30
2022-03-13 13:34:14,506 DEBUG PrintSrv.py line+22 worker [Thread-7]: timePolling: 30
2022-03-13 13:34:44,538 DEBUG PrintSrv.py line+22 worker [Thread-7]: timePolling: 30
2022-03-13 13:35:14,578 DEBUG PrintSrv.py line+22 worker [Thread-7]: timePolling: 30
2022-03-13 13:35:44,610 DEBUG PrintSrv.py line+22 worker [Thread-7]: timePolling: 30
2022-03-13 13:36:14,650 DEBUG PrintSrv.py line+22 worker [Thread-7]: timePolling: 30
2022-03-13 13:36:44,682 DEBUG PrintSrv.py line+22 worker [Thread-7]: timePolling: 30
2022-03-13 13:37:14,722 DEBUG PrintSrv.py line+22 worker [Thread-7]: timePolling: 30
2022-03-13 13:37:44,762 DEBUG PrintSrv.py line+22 worker [Thread-7]: timePolling: 30
2022-03-13 13:38:14,783 DEBUG PrintSrv.py line+22 worker [Thread-7]: timePolling: 30
2022-03-13 13:38:44,819 DEBUG PrintSrv.py line+22 worker [Thread-7]: timePolling: 30
2022-03-13 13:57:32,292 DEBUG PrintSrv.py line+30 start [MainThread]: WorkerThread Started...
2022-03-13 13:57:32,293 INFO  PrintSrv.py line+67 <module> [MainThread]: 
    DataServerAddr: 127.0.0.1
    DataServerPort: 8000
    ProductPollingTime: 30
        
2022-03-13 13:57:32,356 DEBUG PrintSrv.py line+23 worker [Thread-7]: timePolling: 30
2022-03-13 13:58:02,380 DEBUG PrintSrv.py line+23 worker [Thread-7]: timePolling: 30
2022-03-13 13:58:32,394 DEBUG PrintSrv.py line+23 worker [Thread-7]: timePolling: 30
2022-03-13 13:59:02,434 DEBUG PrintSrv.py line+23 worker [Thread-7]: timePolling: 30
2022-03-13 13:59:32,480 DEBUG PrintSrv.py line+23 worker [Thread-7]: timePolling: 30
2022-03-13 14:00:02,520 DEBUG PrintSrv.py line+23 worker [Thread-7]: timePolling: 30
2022-03-13 14:00:32,546 DEBUG PrintSrv.py line+23 worker [Thread-7]: timePolling: 30
2022-03-13 14:01:02,574 DEBUG PrintSrv.py line+23 worker [Thread-7]: timePolling: 30
2022-03-13 14:01:32,610 DEBUG PrintSrv.py line+23 worker [Thread-7]: timePolling: 30
2022-03-13 14:02:02,642 DEBUG PrintSrv.py line+23 worker [Thread-7]: timePolling: 30
2022-03-13 14:02:32,683 DEBUG PrintSrv.py line+23 worker [Thread-7]: timePolling: 30
2022-03-13 14:03:02,718 DEBUG PrintSrv.py line+23 worker [Thread-7]: timePolling: 30
2022-03-13 14:03:32,738 DEBUG PrintSrv.py line+23 worker [Thread-7]: timePolling: 30
2022-03-13 14:04:02,778 DEBUG PrintSrv.py line+23 worker [Thread-7]: timePolling: 30
2022-03-13 14:04:32,792 DEBUG PrintSrv.py line+23 worker [Thread-7]: timePolling: 30
2022-03-13 14:05:02,828 DEBUG PrintSrv.py line+23 worker [Thread-7]: timePolling: 30
2022-03-13 14:05:32,871 DEBUG PrintSrv.py line+23 worker [Thread-7]: timePolling: 30
2022-03-13 14:06:02,904 DEBUG PrintSrv.py line+23 worker [Thread-7]: timePolling: 30
2022-03-13 14:06:32,942 DEBUG PrintSrv.py line+23 worker [Thread-7]: timePolling: 30
2022-03-13 14:07:02,982 DEBUG PrintSrv.py line+23 worker [Thread-7]: timePolling: 30
2022-03-13 14:07:33,020 DEBUG PrintSrv.py line+23 worker [Thread-7]: timePolling: 30
2022-03-13 14:08:03,033 DEBUG PrintSrv.py line+23 worker [Thread-7]: timePolling: 30
2022-03-13 14:08:33,068 DEBUG PrintSrv.py line+23 worker [Thread-7]: timePolling: 30
2022-03-13 14:09:03,106 DEBUG PrintSrv.py line+23 worker [Thread-7]: timePolling: 30
2022-03-13 14:09:33,142 DEBUG PrintSrv.py line+23 worker [Thread-7]: timePolling: 30
2022-03-13 14:10:03,178 DEBUG PrintSrv.py line+23 worker [Thread-7]: timePolling: 30
2022-03-13 14:10:33,218 DEBUG PrintSrv.py line+23 worker [Thread-7]: timePolling: 30
2022-03-13 14:11:03,262 DEBUG PrintSrv.py line+23 worker [Thread-7]: timePolling: 30
2022-03-13 14:11:33,302 DEBUG PrintSrv.py line+23 worker [Thread-7]: timePolling: 30
2022-03-13 14:12:03,342 DEBUG PrintSrv.py line+23 worker [Thread-7]: timePolling: 30
2022-03-13 14:12:33,382 DEBUG PrintSrv.py line+23 worker [Thread-7]: timePolling: 30
2022-03-13 14:13:03,426 DEBUG PrintSrv.py line+23 worker [Thread-7]: timePolling: 30
2022-03-13 14:13:33,466 DEBUG PrintSrv.py line+23 worker [Thread-7]: timePolling: 30
2022-03-13 14:14:03,506 DEBUG PrintSrv.py line+23 worker [Thread-7]: timePolling: 30
2022-03-13 14:14:33,546 DEBUG PrintSrv.py line+23 worker [Thread-7]: timePolling: 30
2022-03-13 14:14:42,321 DEBUG PrintSrv.py line+30 start [MainThread]: WorkerThread Started...
2022-03-13 14:14:42,325 INFO  PrintSrv.py line+67 <module> [MainThread]: 
    DataServerAddr: 127.0.0.1
    DataServerPort: 8000
    ProductPollingTime: 30
        
2022-03-13 14:14:42,411 DEBUG PrintSrv.py line+23 worker [Thread-7]: timePolling: 30
2022-03-13 14:15:03,586 DEBUG PrintSrv.py line+23 worker [Thread-7]: timePolling: 30
2022-03-13 14:15:12,438 DEBUG PrintSrv.py line+23 worker [Thread-7]: timePolling: 30
2022-03-13 14:15:33,626 DEBUG PrintSrv.py line+23 worker [Thread-7]: timePolling: 30
2022-03-13 14:15:42,478 DEBUG PrintSrv.py line+23 worker [Thread-7]: timePolling: 30
2022-03-13 14:16:03,670 DEBUG PrintSrv.py line+23 worker [Thread-7]: timePolling: 30
2022-03-13 14:16:12,518 DEBUG PrintSrv.py line+23 worker [Thread-7]: timePolling: 30
2022-03-13 14:16:33,710 DEBUG PrintSrv.py line+23 worker [Thread-7]: timePolling: 30
2022-03-13 14:16:42,558 DEBUG PrintSrv.py line+23 worker [Thread-7]: timePolling: 30
2022-03-13 14:17:03,750 DEBUG PrintSrv.py line+23 worker [Thread-7]: timePolling: 30
2022-03-13 14:17:12,598 DEBUG PrintSrv.py line+23 worker [Thread-7]: timePolling: 30
2022-03-13 14:17:33,790 DEBUG PrintSrv.py line+23 worker [Thread-7]: timePolling: 30
2022-03-13 14:17:42,639 DEBUG PrintSrv.py line+23 worker [Thread-7]: timePolling: 30
2022-03-13 14:18:03,830 DEBUG PrintSrv.py line+23 worker [Thread-7]: timePolling: 30
2022-03-13 14:18:12,678 DEBUG PrintSrv.py line+23 worker [Thread-7]: timePolling: 30
2022-03-13 14:18:33,862 DEBUG PrintSrv.py line+23 worker [Thread-7]: timePolling: 30
2022-03-13 14:18:42,718 DEBUG PrintSrv.py line+23 worker [Thread-7]: timePolling: 30
2022-03-13 14:19:03,902 DEBUG PrintSrv.py line+23 worker [Thread-7]: timePolling: 30
2022-03-13 14:19:12,751 DEBUG PrintSrv.py line+23 worker [Thread-7]: timePolling: 30
2022-03-13 14:19:33,933 DEBUG PrintSrv.py line+23 worker [Thread-7]: timePolling: 30
2022-03-13 14:19:42,766 DEBUG PrintSrv.py line+23 worker [Thread-7]: timePolling: 30
2022-03-13 14:20:03,979 DEBUG PrintSrv.py line+23 worker [Thread-7]: timePolling: 30
2022-03-13 14:20:12,798 DEBUG PrintSrv.py line+23 worker [Thread-7]: timePolling: 30
2022-03-13 14:20:34,013 DEBUG PrintSrv.py line+23 worker [Thread-7]: timePolling: 30
2022-03-13 14:20:42,838 DEBUG PrintSrv.py line+23 worker [Thread-7]: timePolling: 30
2022-03-13 14:21:04,050 DEBUG PrintSrv.py line+23 worker [Thread-7]: timePolling: 30
2022-03-13 14:21:12,874 DEBUG PrintSrv.py line+23 worker [Thread-7]: timePolling: 30
2022-03-13 14:21:34,087 DEBUG PrintSrv.py line+23 worker [Thread-7]: timePolling: 30
2022-03-13 14:21:42,913 DEBUG PrintSrv.py line+23 worker [Thread-7]: timePolling: 30
2022-03-13 14:22:04,130 DEBUG PrintSrv.py line+23 worker [Thread-7]: timePolling: 30
2022-03-13 14:22:12,950 DEBUG PrintSrv.py line+23 worker [Thread-7]: timePolling: 30
2022-03-13 14:22:34,167 DEBUG PrintSrv.py line+23 worker [Thread-7]: timePolling: 30
2022-03-13 14:22:42,973 DEBUG PrintSrv.py line+23 worker [Thread-7]: timePolling: 30
2022-03-13 14:23:04,197 DEBUG PrintSrv.py line+23 worker [Thread-7]: timePolling: 30
2022-03-13 14:23:13,010 DEBUG PrintSrv.py line+23 worker [Thread-7]: timePolling: 30
2022-03-13 14:23:34,234 DEBUG PrintSrv.py line+23 worker [Thread-7]: timePolling: 30
2022-03-13 14:23:43,059 DEBUG PrintSrv.py line+23 worker [Thread-7]: timePolling: 30
2022-03-13 14:24:04,274 DEBUG PrintSrv.py line+23 worker [Thread-7]: timePolling: 30
2022-03-13 14:24:13,099 DEBUG PrintSrv.py line+23 worker [Thread-7]: timePolling: 30
2022-03-13 14:24:34,288 DEBUG PrintSrv.py line+23 worker [Thread-7]: timePolling: 30
2022-03-13 14:24:43,138 DEBUG PrintSrv.py line+23 worker [Thread-7]: timePolling: 30
2022-03-13 14:25:04,329 DEBUG PrintSrv.py line+23 worker [Thread-7]: timePolling: 30
2022-03-13 14:25:13,175 DEBUG PrintSrv.py line+23 worker [Thread-7]: timePolling: 30
2022-03-13 14:25:34,366 DEBUG PrintSrv.py line+23 worker [Thread-7]: timePolling: 30
2022-03-13 14:25:43,215 DEBUG PrintSrv.py line+23 worker [Thread-7]: timePolling: 30
2022-03-13 14:26:04,398 DEBUG PrintSrv.py line+23 worker [Thread-7]: timePolling: 30
2022-03-13 14:26:13,254 DEBUG PrintSrv.py line+23 worker [Thread-7]: timePolling: 30
2022-03-13 14:26:34,410 DEBUG PrintSrv.py line+23 worker [Thread-7]: timePolling: 30
2022-03-13 14:26:43,294 DEBUG PrintSrv.py line+23 worker [Thread-7]: timePolling: 30
2022-03-13 14:27:04,450 DEBUG PrintSrv.py line+23 worker [Thread-7]: timePolling: 30
2022-03-13 14:27:13,338 DEBUG PrintSrv.py line+23 worker [Thread-7]: timePolling: 30
2022-03-13 14:27:34,489 DEBUG PrintSrv.py line+23 worker [Thread-7]: timePolling: 30
2022-03-13 14:27:43,378 DEBUG PrintSrv.py line+23 worker [Thread-7]: timePolling: 30
2022-03-13 14:28:04,526 DEBUG PrintSrv.py line+23 worker [Thread-7]: timePolling: 30
2022-03-13 14:28:13,418 DEBUG PrintSrv.py line+23 worker [Thread-7]: timePolling: 30
2022-03-13 14:28:34,566 DEBUG PrintSrv.py line+23 worker [Thread-7]: timePolling: 30
2022-03-13 14:28:43,458 DEBUG PrintSrv.py line+23 worker [Thread-7]: timePolling: 30
2022-03-13 14:29:04,586 DEBUG PrintSrv.py line+23 worker [Thread-7]: timePolling: 30
2022-03-13 14:29:13,498 DEBUG PrintSrv.py line+23 worker [Thread-7]: timePolling: 30
2022-03-13 14:29:34,626 DEBUG PrintSrv.py line+23 worker [Thread-7]: timePolling: 30
2022-03-13 14:29:43,538 DEBUG PrintSrv.py line+23 worker [Thread-7]: timePolling: 30
2022-03-13 14:30:04,666 DEBUG PrintSrv.py line+23 worker [Thread-7]: timePolling: 30
2022-03-13 14:30:12,861 DEBUG PrintSrv.py line+32 start [MainThread]: WorkerThread Started...
2022-03-13 14:30:12,863 INFO  PrintSrv.py line+70 <module> [MainThread]: 
    DataServerAddr: 127.0.0.1
    DataServerPort: 8000
    ProductPollingTime: 30
        
2022-03-13 14:30:12,908 DEBUG PrintSrv.py line+25 worker [Thread-8]: timePolling: 30
2022-03-13 14:30:13,578 DEBUG PrintSrv.py line+23 worker [Thread-7]: timePolling: 30
2022-03-13 14:30:14,704 ERROR bidi.py line+670 _thread_main [Thread-ConsumeBidirectionalStream]: Thread-ConsumeBidirectionalStream caught unexpected exception Process() missing 1 required positional argument: 'ticket' and will exit.
Traceback (most recent call last):
  File "/home/hiro/.local/lib/python3.8/site-packages/google/api_core/bidi.py", line 657, in _thread_main
    self._on_response(response)
  File "/home/hiro/.local/lib/python3.8/site-packages/google/cloud/firestore_v1/watch.py", line 456, in on_snapshot
    meth(self, proto.target_change)
  File "/home/hiro/.local/lib/python3.8/site-packages/google/cloud/firestore_v1/watch.py", line 381, in _on_snapshot_target_change_no_change
    self.push(target_change.read_time, target_change.resume_token)
  File "/home/hiro/.local/lib/python3.8/site-packages/google/cloud/firestore_v1/watch.py", line 556, in push
    self._snapshot_callback(keys, appliedChanges, read_time)
  File "/home/hiro/Documents/Desarrollo/POS/pos-print-server/TicketDb.py", line 28, in on_snapshot
    self.callbackFn(ticket)
TypeError: Process() missing 1 required positional argument: 'ticket'
2022-03-13 14:30:14,918 INFO  bidi.py line+676 _thread_main [Thread-ConsumeBidirectionalStream]: Thread-ConsumeBidirectionalStream exiting
